
*** Running vivado
    with args -log trafficLight_top.vds -m64 -product Vivado -mode batch -messageDb vivado.pb -notrace -source trafficLight_top.tcl


****** Vivado v2018.3 (64-bit)
  **** SW Build 2405991 on Thu Dec  6 23:38:27 MST 2018
  **** IP Build 2404404 on Fri Dec  7 01:43:56 MST 2018
    ** Copyright 1986-2018 Xilinx, Inc. All Rights Reserved.

source trafficLight_top.tcl -notrace
Command: synth_design -top trafficLight_top -part xc7a35tcpg236-1
Starting synth_design
Attempting to get a license for feature 'Synthesis' and/or device 'xc7a35t'
INFO: [Common 17-349] Got license for feature 'Synthesis' and/or device 'xc7a35t'
INFO: Launching helper process for spawning children vivado processes
INFO: Helper process launched with PID 11008 
ERROR: [Synth 8-1031] cnt is not declared [C:/Users/lebray/Vivado-Workflow-Scripts/Lab4T1/trafficLight.v:17]
ERROR: [Synth 8-1031] cnt is not declared [C:/Users/lebray/Vivado-Workflow-Scripts/Lab4T1/trafficLight.v:19]
ERROR: [Synth 8-1031] cnt is not declared [C:/Users/lebray/Vivado-Workflow-Scripts/Lab4T1/trafficLight.v:22]
ERROR: [Synth 8-1031] cnt is not declared [C:/Users/lebray/Vivado-Workflow-Scripts/Lab4T1/trafficLight.v:24]
ERROR: [Synth 8-1031] cnt is not declared [C:/Users/lebray/Vivado-Workflow-Scripts/Lab4T1/trafficLight.v:28]
ERROR: [Synth 8-1031] cnt is not declared [C:/Users/lebray/Vivado-Workflow-Scripts/Lab4T1/trafficLight.v:28]
INFO: [Synth 8-2350] module trafficLight ignored due to previous errors [C:/Users/lebray/Vivado-Workflow-Scripts/Lab4T1/trafficLight.v:1]
Failed to read verilog 'C:/Users/lebray/Vivado-Workflow-Scripts/Lab4T1/trafficLight.v'
INFO: [Common 17-83] Releasing license: Synthesis
3 Infos, 0 Warnings, 0 Critical Warnings and 7 Errors encountered.
synth_design failed
ERROR: [Common 17-69] Command failed: Synthesis failed - please see the console or run log file for details
INFO: [Common 17-206] Exiting Vivado at Thu Jan 29 08:47:42 2026...
