Copyright 1986-2018 Xilinx, Inc. All Rights Reserved.
---------------------------------------------------------------------------------------------
| Tool Version : Vivado v.2018.3 (win64) Build 2405991 Thu Dec  6 23:38:27 MST 2018
| Date         : Tue Feb  3 16:33:28 2026
| Host         : SFH0760-CSGBX74 running 64-bit major release  (build 9200)
| Command      : report_control_sets -verbose -file trafficLight_top_control_sets_placed.rpt
| Design       : trafficLight_top
| Device       : xc7a35t
---------------------------------------------------------------------------------------------

Control Set Information

Table of Contents
-----------------
1. Summary
2. Histogram
3. Flip-Flop Distribution
4. Detailed Control Set Information

1. Summary
----------

+----------------------------------------------------------+-------+
|                          Status                          | Count |
+----------------------------------------------------------+-------+
| Number of unique control sets                            |     4 |
| Unused register locations in slices containing registers |    13 |
+----------------------------------------------------------+-------+


2. Histogram
------------

+--------+--------------+
| Fanout | Control Sets |
+--------+--------------+
|      1 |            1 |
|      4 |            1 |
|      6 |            1 |
|    16+ |            1 |
+--------+--------------+


3. Flip-Flop Distribution
-------------------------

+--------------+-----------------------+------------------------+-----------------+--------------+
| Clock Enable | Synchronous Set/Reset | Asynchronous Set/Reset | Total Registers | Total Slices |
+--------------+-----------------------+------------------------+-----------------+--------------+
| No           | No                    | No                     |               4 |            1 |
| No           | No                    | Yes                    |               0 |            0 |
| No           | Yes                   | No                     |               0 |            0 |
| Yes          | No                    | No                     |              38 |            9 |
| Yes          | No                    | Yes                    |               0 |            0 |
| Yes          | Yes                   | No                     |               1 |            1 |
+--------------+-----------------------+------------------------+-----------------+--------------+


4. Detailed Control Set Information
-----------------------------------

+----------------+------------------------+------------------------+------------------+----------------+
|  Clock Signal  |      Enable Signal     |    Set/Reset Signal    | Slice Load Count | Bel Load Count |
+----------------+------------------------+------------------------+------------------+----------------+
|  clk_IBUF_BUFG | DUT/cntmax[27]_i_2_n_0 | DUT/cntmax[27]_i_1_n_0 |                1 |              1 |
|  clk_IBUF_BUFG |                        |                        |                1 |              4 |
|  clk_IBUF_BUFG | DUT/__0/i__n_0         |                        |                1 |              6 |
|  clk_IBUF_BUFG | DUT/cnt[0]_i_1_n_0     |                        |                8 |             32 |
+----------------+------------------------+------------------------+------------------+----------------+


